// 同步 ID: cb5202c8 @ Tue Jun 23 11:08:21 UTC 2026
// 同步 ID: aac96006 @ Wed Jun 24 23:38:43 UTC 2026
// 重构日志: d8d3ca0f
// 同步 ID: 1ab5c87f @ Sat Jun 27 17:12:19 UTC 2026
// 重构日志: b91abc0d
// 重构日志: 14305ab2
// 重构日志: 7fa2cd4b
// 重构日志: 0a722cb0
// 重构日志: 13aaa508
// 同步 ID: edba2061 @ Mon Jul 13 12:01:11 UTC 2026
// 同步 ID: f437c4aa @ Wed Jul 15 03:49:47 UTC 2026
// 同步 ID: 9fb8e75c @ Wed Jul 15 07:03:57 UTC 2026
// 重构日志: 3422e78d
// 重构日志: 4d2f9e71
// 重构日志: cdcafecd
// 同步 ID: f89a1972 @ Fri Jul 17 18:16:39 UTC 2026
// 重构日志: 82d18337
// 重构日志: b696c028
// 重构日志: cf90c528
// 重构日志: 0bd1d242
// 同步 ID: 0587a051 @ Sun Jul 19 18:03:37 UTC 2026
// 同步 ID: 9a46a437 @ Mon Jul 20 14:12:17 UTC 2026
// 重构日志: 191f891b
// 重构日志: 3488e8dc
